# JRE version: OpenJDK Runtime Environment (8.0_212-b04) (build 1.8.0_212-release-1586-b04)
# Java VM: OpenJDK 64-Bit Server VM (25.212-b04 mixed mode windows-amd64 compressed oops)
Heap:
 PSYoungGen      total 386048K, used 100495K [0x00000000e0000000, 0x00000000fff80000, 0x0000000100000000)
  eden space 265728K, 37% used [0x00000000e0000000,0x00000000e61ebd40,0x00000000f0380000)
  from space 120320K, 0% used [0x00000000f0380000,0x00000000f03b8000,0x00000000f7900000)
  to   space 119808K, 0% used [0x00000000f8a80000,0x00000000f8a80000,0x00000000fff80000)
 ParOldGen       total 680448K, used 484094K [0x00000000a0000000, 0x00000000c9880000, 0x00000000e0000000)
  object space 680448K, 71% used [0x00000000a0000000,0x00000000bd8bf910,0x00000000c9880000)
 Metaspace       used 104806K, capacity 110106K, committed 111960K, reserved 1146880K
  class space    used 13387K, capacity 14523K, committed 15448K, reserved 1048576K
GC Heap History (10 events):
Event: 5475.541 GC heap before
{Heap before GC invocations=53 (full 6):
 PSYoungGen      total 388096K, used 371775K [0x00000000e0000000, 0x0000000100000000, 0x0000000100000000)
  eden space 279552K, 100% used [0x00000000e0000000,0x00000000f1100000,0x00000000f1100000)
  from space 108544K, 84% used [0x00000000f9000000,0x00000000fea0fee8,0x00000000ffa00000)
  to   space 122368K, 0% used [0x00000000f1100000,0x00000000f1100000,0x00000000f8880000)
 ParOldGen       total 680448K, used 319246K [0x00000000a0000000, 0x00000000c9880000, 0x00000000e0000000)
  object space 680448K, 46% used [0x00000000a0000000,0x00000000b37c3850,0x00000000c9880000)
 Metaspace       used 104529K, capacity 109764K, committed 111704K, reserved 1144832K
  class space    used 13359K, capacity 14464K, committed 15448K, reserved 1048576K
Event: 5475.600 GC heap after
Heap after GC invocations=53 (full 6):
 PSYoungGen      total 365056K, used 85357K [0x00000000e0000000, 0x0000000100000000, 0x0000000100000000)
  eden space 279552K, 0% used [0x00000000e0000000,0x00000000e0000000,0x00000000f1100000)
  from space 85504K, 99% used [0x00000000f1100000,0x00000000f645b490,0x00000000f6480000)
  to   space 130560K, 0% used [0x00000000f8080000,0x00000000f8080000,0x0000000100000000)
 ParOldGen       total 680448K, used 328682K [0x00000000a0000000, 0x00000000c9880000, 0x00000000e0000000)
  object space 680448K, 48% used [0x00000000a0000000,0x00000000b40fab18,0x00000000c9880000)
 Metaspace       used 104529K, capacity 109764K, committed 111704K, reserved 1144832K
  class space    used 13359K, capacity 14464K, committed 15448K, reserved 1048576K
}
Event: 5475.771 GC heap before
{Heap before GC invocations=54 (full 6):
 PSYoungGen      total 365056K, used 364909K [0x00000000e0000000, 0x0000000100000000, 0x0000000100000000)
  eden space 279552K, 100% used [0x00000000e0000000,0x00000000f1100000,0x00000000f1100000)
  from space 85504K, 99% used [0x00000000f1100000,0x00000000f645b490,0x00000000f6480000)
  to   space 130560K, 0% used [0x00000000f8080000,0x00000000f8080000,0x0000000100000000)
 ParOldGen       total 680448K, used 328682K [0x00000000a0000000, 0x00000000c9880000, 0x00000000e0000000)
  object space 680448K, 48% used [0x00000000a0000000,0x00000000b40fab30,0x00000000c9880000)
 Metaspace       used 104556K, capacity 109836K, committed 111704K, reserved 1144832K
  class space    used 13359K, capacity 14464K, committed 15448K, reserved 1048576K
Event: 5475.829 GC heap after
Heap after GC invocations=54 (full 6):
 PSYoungGen      total 396800K, used 61121K [0x00000000e0000000, 0x0000000100000000, 0x0000000100000000)
  eden space 266240K, 0% used [0x00000000e0000000,0x00000000e0000000,0x00000000f0400000)
  from space 130560K, 46% used [0x00000000f8080000,0x00000000fbc305d8,0x0000000100000000)
  to   space 127488K, 0% used [0x00000000f0400000,0x00000000f0400000,0x00000000f8080000)
 ParOldGen       total 680448K, used 391775K [0x00000000a0000000, 0x00000000c9880000, 0x00000000e0000000)
  object space 680448K, 57% used [0x00000000a0000000,0x00000000b7e97d68,0x00000000c9880000)
 Metaspace       used 104556K, capacity 109836K, committed 111704K, reserved 1144832K
  class space    used 13359K, capacity 14464K, committed 15448K, reserved 1048576K
}
Event: 5476.383 GC heap before
{Heap before GC invocations=55 (full 6):
 PSYoungGen      total 396800K, used 327361K [0x00000000e0000000, 0x0000000100000000, 0x0000000100000000)
  eden space 266240K, 100% used [0x00000000e0000000,0x00000000f0400000,0x00000000f0400000)
  from space 130560K, 46% used [0x00000000f8080000,0x00000000fbc305d8,0x0000000100000000)
  to   space 127488K, 0% used [0x00000000f0400000,0x00000000f0400000,0x00000000f8080000)
 ParOldGen       total 680448K, used 391777K [0x00000000a0000000, 0x00000000c9880000, 0x00000000e0000000)
  object space 680448K, 57% used [0x00000000a0000000,0x00000000b7e98568,0x00000000c9880000)
 Metaspace       used 104662K, capacity 109968K, committed 111960K, reserved 1146880K
  class space    used 13364K, capacity 14500K, committed 15448K, reserved 1048576K
Event: 5476.451 GC heap after
Heap after GC invocations=55 (full 6):
 PSYoungGen      total 314880K, used 48206K [0x00000000e0000000, 0x00000000fee00000, 0x0000000100000000)
  eden space 266240K, 0% used [0x00000000e0000000,0x00000000e0000000,0x00000000f0400000)
  from space 48640K, 99% used [0x00000000f0400000,0x00000000f3313ae8,0x00000000f3380000)
  to   space 119808K, 0% used [0x00000000f7900000,0x00000000f7900000,0x00000000fee00000)
 ParOldGen       total 680448K, used 447955K [0x00000000a0000000, 0x00000000c9880000, 0x00000000e0000000)
  object space 680448K, 65% used [0x00000000a0000000,0x00000000bb574cc8,0x00000000c9880000)
 Metaspace       used 104662K, capacity 109968K, committed 111960K, reserved 1146880K
  class space    used 13364K, capacity 14500K, committed 15448K, reserved 1048576K
}
Event: 5476.788 GC heap before
{Heap before GC invocations=56 (full 6):
 PSYoungGen      total 314880K, used 314446K [0x00000000e0000000, 0x00000000fee00000, 0x0000000100000000)
  eden space 266240K, 100% used [0x00000000e0000000,0x00000000f0400000,0x00000000f0400000)
  from space 48640K, 99% used [0x00000000f0400000,0x00000000f3313ae8,0x00000000f3380000)
  to   space 119808K, 0% used [0x00000000f7900000,0x00000000f7900000,0x00000000fee00000)
 ParOldGen       total 680448K, used 447955K [0x00000000a0000000, 0x00000000c9880000, 0x00000000e0000000)
  object space 680448K, 65% used [0x00000000a0000000,0x00000000bb574cc8,0x00000000c9880000)
 Metaspace       used 104664K, capacity 109968K, committed 111960K, reserved 1146880K
  class space    used 13364K, capacity 14500K, committed 15448K, reserved 1048576K
Event: 5476.809 GC heap after
Heap after GC invocations=56 (full 6):
 PSYoungGen      total 385536K, used 1235K [0x00000000e0000000, 0x0000000100000000, 0x0000000100000000)
  eden space 265728K, 0% used [0x00000000e0000000,0x00000000e0000000,0x00000000f0380000)
  from space 119808K, 1% used [0x00000000f7900000,0x00000000f7a34c38,0x00000000fee00000)
  to   space 120320K, 0% used [0x00000000f0380000,0x00000000f0380000,0x00000000f7900000)
 ParOldGen       total 680448K, used 482956K [0x00000000a0000000, 0x00000000c9880000, 0x00000000e0000000)
  object space 680448K, 70% used [0x00000000a0000000,0x00000000bd7a3150,0x00000000c9880000)
 Metaspace       used 104664K, capacity 109968K, committed 111960K, reserved 1146880K
  class space    used 13364K, capacity 14500K, committed 15448K, reserved 1048576K
}
Event: 5477.063 GC heap before
{Heap before GC invocations=57 (full 6):
 PSYoungGen      total 385536K, used 266963K [0x00000000e0000000, 0x0000000100000000, 0x0000000100000000)
  eden space 265728K, 100% used [0x00000000e0000000,0x00000000f0380000,0x00000000f0380000)
  from space 119808K, 1% used [0x00000000f7900000,0x00000000f7a34c38,0x00000000fee00000)
  to   space 120320K, 0% used [0x00000000f0380000,0x00000000f0380000,0x00000000f7900000)
 ParOldGen       total 680448K, used 482956K [0x00000000a0000000, 0x00000000c9880000, 0x00000000e0000000)
  object space 680448K, 70% used [0x00000000a0000000,0x00000000bd7a3150,0x00000000c9880000)
 Metaspace       used 104664K, capacity 109968K, committed 111960K, reserved 1146880K
  class space    used 13364K, capacity 14500K, committed 15448K, reserved 1048576K
Event: 5477.067 GC heap after
Heap after GC invocations=57 (full 6):
 PSYoungGen      total 386048K, used 224K [0x00000000e0000000, 0x00000000fff80000, 0x0000000100000000)
  eden space 265728K, 0% used [0x00000000e0000000,0x00000000e0000000,0x00000000f0380000)
  from space 120320K, 0% used [0x00000000f0380000,0x00000000f03b8000,0x00000000f7900000)
  to   space 119808K, 0% used [0x00000000f8a80000,0x00000000f8a80000,0x00000000fff80000)
 ParOldGen       total 680448K, used 484094K [0x00000000a0000000, 0x00000000c9880000, 0x00000000e0000000)
  object space 680448K, 71% used [0x00000000a0000000,0x00000000bd8bf910,0x00000000c9880000)
 Metaspace       used 104664K, capacity 109968K, committed 111960K, reserved 1146880K
  class space    used 13364K, capacity 14500K, committed 15448K, reserved 1048576K
}

